Build started 7/23/2015 12:02:00 PM.
     1>Project "C:\Users\Enrique\documents\visual studio 2013\Projects\Mouse\Mouse\Mouse.vcxproj" on node 2 (Build target(s)).
     1>ClCompile:
         C:\Program Files (x86)\Microsoft Visual Studio 12.0\VC\bin\CL.exe /c /Ic:\opencv\build\x86\vc12\..\..\include /ZI /nologo /W3 /WX- /sdl /Od /Oy- /D WIN32 /D _DEBUG /D _CONSOLE /D _LIB /D _UNICODE /D UNICODE /Gm /EHsc /RTC1 /MDd /GS /fp:precise /Zc:wchar_t /Zc:forScope /Fo"Debug\\" /Fd"Debug\vc120.pdb" /Gd /TP /analyze- /errorReport:prompt "..\..\..\..\c++\MouseGlove-master\main.cpp"
         main.cpp
     1>c:\users\enrique\documents\c++\mouseglove-master\main.cpp(79): fatal error C1075: end of file found before the left brace '{' at 'c:\users\enrique\documents\c++\mouseglove-master\main.cpp(38)' was matched
     1>Done Building Project "C:\Users\Enrique\documents\visual studio 2013\Projects\Mouse\Mouse\Mouse.vcxproj" (Build target(s)) -- FAILED.

Build FAILED.

Time Elapsed 00:00:00.95
